2024-01-19T07:26:34+00:00 CRITICAL Maximum execution time of 30 seconds exceeded in /var/www/html/wp-admin/includes/class-wp-filesystem-direct.php on line 403

2024-01-19T07:27:23+00:00 CRITICAL Maximum execution time of 30 seconds exceeded in /var/www/html/wp-includes/l10n.php on line 1254

2024-01-19T07:30:41+00:00 CRITICAL Maximum execution time of 30 seconds exceeded in /var/www/html/wp-content/plugins/woocommerce/packages/woocommerce-blocks/src/BlockTypes/ProductTitle.php on line 7

2024-01-19T09:27:30+00:00 CRITICAL Maximum execution time of 30 seconds exceeded in /var/www/html/wp-admin/includes/class-wp-filesystem-direct.php on line 66

2024-01-19T09:31:00+00:00 CRITICAL Maximum execution time of 30 seconds exceeded in /var/www/html/wp-admin/includes/class-wp-filesystem-direct.php on line 173

2024-01-19T09:53:14+00:00 CRITICAL Maximum execution time of 30 seconds exceeded in /var/www/html/wp-admin/includes/class-wp-filesystem-direct.php on line 66

2024-01-19T11:48:38+00:00 CRITICAL Uncaught WCPay\Exceptions\API_Exception: Your site host "localhost" is on a private network. Jetpack can only connect to public sites. in /var/www/html/wp-content/plugins/woocommerce-payments/includes/wc-payment-api/class-wc-payments-http.php:194
Stack trace:
#0 /var/www/html/wp-content/plugins/woocommerce-payments/includes/wc-payment-api/class-wc-payments-api-client.php(222): WC_Payments_Http->start_connection('http://localhos...')
#1 /var/www/html/wp-content/plugins/woocommerce-payments/includes/class-wc-payments-account.php(1934): WC_Payments_API_Client->start_server_connection('http://localhos...')
#2 /var/www/html/wp-content/plugins/woocommerce-payments/includes/class-wc-payments-account.php(1029): WC_Payments_Account->redirect_to_onboarding_flow_page()
#3 /var/www/html/wp-includes/class-wp-hook.php(324): WC_Payments_Account->maybe_handle_onboarding('')
#4 /var/www/html/wp-includes/class-wp-hook.php(348): WP_Hook->apply_filters(NULL, Array)
#5 /var/www/html/wp-includes/plugin.php(517): WP_Hook->do_action(Array)
#6 /var/www/html/wp-admin/admin.php(175): do_action('admin_init')
#7 /var/www/html/wp-admin/index.php(10): require_once('/var/www/html/w...')
#8 {main}
  thrown in /var/www/html/wp-content/plugins/woocommerce-payments/includes/wc-payment-api/class-wc-payments-http.php on line 194

2024-01-19T11:54:40+00:00 CRITICAL Uncaught WCPay\Exceptions\API_Exception: Your site host "localhost" is on a private network. Jetpack can only connect to public sites. in /var/www/html/wp-content/plugins/woocommerce-payments/includes/wc-payment-api/class-wc-payments-http.php:194
Stack trace:
#0 /var/www/html/wp-content/plugins/woocommerce-payments/includes/wc-payment-api/class-wc-payments-api-client.php(222): WC_Payments_Http->start_connection('http://localhos...')
#1 /var/www/html/wp-content/plugins/woocommerce-payments/includes/class-wc-payments-account.php(1934): WC_Payments_API_Client->start_server_connection('http://localhos...')
#2 /var/www/html/wp-content/plugins/woocommerce-payments/includes/class-wc-payments-account.php(1029): WC_Payments_Account->redirect_to_onboarding_flow_page()
#3 /var/www/html/wp-includes/class-wp-hook.php(324): WC_Payments_Account->maybe_handle_onboarding('')
#4 /var/www/html/wp-includes/class-wp-hook.php(348): WP_Hook->apply_filters(NULL, Array)
#5 /var/www/html/wp-includes/plugin.php(517): WP_Hook->do_action(Array)
#6 /var/www/html/wp-admin/admin.php(175): do_action('admin_init')
#7 {main}
  thrown in /var/www/html/wp-content/plugins/woocommerce-payments/includes/wc-payment-api/class-wc-payments-http.php on line 194

2024-01-19T16:57:41+00:00 CRITICAL Maximum execution time of 30 seconds exceeded in /var/www/html/wp-includes/functions.php on line 650

2024-01-19T16:57:45+00:00 CRITICAL Maximum execution time of 30 seconds exceeded in /var/www/html/wp-includes/l10n.php on line 1250

2024-01-19T17:02:02+00:00 CRITICAL Maximum execution time of 30 seconds exceeded in /var/www/html/wp-content/themes/blocksy/inc/css/fonts-manager.php on line 234

