2024-01-18T20:11:28+00:00 CRITICAL Maximum execution time of 30 seconds exceeded in /var/www/html/wp-admin/includes/class-wp-filesystem-direct.php on line 173

2024-01-18T20:13:24+00:00 CRITICAL Maximum execution time of 30 seconds exceeded in /var/www/html/wp-admin/includes/class-wp-filesystem-direct.php on line 66

2024-01-18T20:27:36+00:00 CRITICAL Maximum execution time of 30 seconds exceeded in /var/www/html/wp-admin/includes/class-wp-filesystem-direct.php on line 173

2024-01-18T20:43:33+00:00 CRITICAL Maximum execution time of 30 seconds exceeded in /var/www/html/wp-admin/includes/class-wp-filesystem-direct.php on line 82

2024-01-18T20:45:03+00:00 CRITICAL Maximum execution time of 30 seconds exceeded in /var/www/html/wp-admin/includes/class-wp-filesystem-direct.php on line 558

2024-01-18T20:46:37+00:00 CRITICAL Maximum execution time of 30 seconds exceeded in /var/www/html/wp-admin/includes/class-wp-filesystem-direct.php on line 66

2024-01-18T20:48:00+00:00 CRITICAL Maximum execution time of 30 seconds exceeded in /var/www/html/wp-admin/includes/class-wp-filesystem-direct.php on line 636

2024-01-18T21:34:17+00:00 CRITICAL Uncaught WCPay\Exceptions\API_Exception: Your site host "localhost" is on a private network. Jetpack can only connect to public sites. in /var/www/html/wp-content/plugins/woocommerce-payments/includes/wc-payment-api/class-wc-payments-http.php:194
Stack trace:
#0 /var/www/html/wp-content/plugins/woocommerce-payments/includes/wc-payment-api/class-wc-payments-api-client.php(222): WC_Payments_Http->start_connection('http://localhos...')
#1 /var/www/html/wp-content/plugins/woocommerce-payments/includes/class-wc-payments-account.php(1934): WC_Payments_API_Client->start_server_connection('http://localhos...')
#2 /var/www/html/wp-content/plugins/woocommerce-payments/includes/class-wc-payments-account.php(1029): WC_Payments_Account->redirect_to_onboarding_flow_page()
#3 /var/www/html/wp-includes/class-wp-hook.php(324): WC_Payments_Account->maybe_handle_onboarding('')
#4 /var/www/html/wp-includes/class-wp-hook.php(348): WP_Hook->apply_filters(NULL, Array)
#5 /var/www/html/wp-includes/plugin.php(517): WP_Hook->do_action(Array)
#6 /var/www/html/wp-admin/admin.php(175): do_action('admin_init')
#7 {main}
  thrown in /var/www/html/wp-content/plugins/woocommerce-payments/includes/wc-payment-api/class-wc-payments-http.php on line 194

2024-01-18T21:34:34+00:00 CRITICAL Uncaught WCPay\Exceptions\API_Exception: Your site host "localhost" is on a private network. Jetpack can only connect to public sites. in /var/www/html/wp-content/plugins/woocommerce-payments/includes/wc-payment-api/class-wc-payments-http.php:194
Stack trace:
#0 /var/www/html/wp-content/plugins/woocommerce-payments/includes/wc-payment-api/class-wc-payments-api-client.php(222): WC_Payments_Http->start_connection('http://localhos...')
#1 /var/www/html/wp-content/plugins/woocommerce-payments/includes/class-wc-payments-account.php(1934): WC_Payments_API_Client->start_server_connection('http://localhos...')
#2 /var/www/html/wp-content/plugins/woocommerce-payments/includes/class-wc-payments-account.php(1029): WC_Payments_Account->redirect_to_onboarding_flow_page()
#3 /var/www/html/wp-includes/class-wp-hook.php(324): WC_Payments_Account->maybe_handle_onboarding('')
#4 /var/www/html/wp-includes/class-wp-hook.php(348): WP_Hook->apply_filters(NULL, Array)
#5 /var/www/html/wp-includes/plugin.php(517): WP_Hook->do_action(Array)
#6 /var/www/html/wp-admin/admin.php(175): do_action('admin_init')
#7 {main}
  thrown in /var/www/html/wp-content/plugins/woocommerce-payments/includes/wc-payment-api/class-wc-payments-http.php on line 194

2024-01-18T22:07:15+00:00 CRITICAL Maximum execution time of 30 seconds exceeded in /var/www/html/wp-admin/includes/class-wp-filesystem-direct.php on line 173

2024-01-18T22:09:37+00:00 CRITICAL Maximum execution time of 30 seconds exceeded in /var/www/html/wp-admin/includes/class-wp-filesystem-direct.php on line 66

